x_train shape: (50000, 32, 32, 3)
50000 train samples
10000 test samples
Using real-time data augmentation.
Epoch 1/1

   1/1563 [..............................] - ETA: 52:09 - loss: 2.2926 - acc: 0.1562
   6/1563 [..............................] - ETA: 8:55 - loss: 2.5318 - acc: 0.1354 
  11/1563 [..............................] - ETA: 4:58 - loss: 2.4327 - acc: 0.1136
  16/1563 [..............................] - ETA: 3:30 - loss: 2.3925 - acc: 0.1230
  21/1563 [..............................] - ETA: 2:43 - loss: 2.3634 - acc: 0.1205
  26/1563 [..............................] - ETA: 2:15 - loss: 2.3491 - acc: 0.1238
  31/1563 [..............................] - ETA: 1:55 - loss: 2.3273 - acc: 0.1300
  36/1563 [..............................] - ETA: 1:41 - loss: 2.3448 - acc: 0.1293
  41/1563 [..............................] - ETA: 1:31 - loss: 2.3388 - acc: 0.1250
  46/1563 [..............................] - ETA: 1:22 - loss: 2.3296 - acc: 0.1304
  51/1563 [..............................] - ETA: 1:16 - loss: 2.3230 - acc: 0.1305
  56/1563 [>.............................] - ETA: 1:10 - loss: 2.3182 - acc: 0.1334
  61/1563 [>.............................] - ETA: 1:06 - loss: 2.3174 - acc: 0.1388
  66/1563 [>.............................] - ETA: 1:02 - loss: 2.3000 - acc: 0.1425
  71/1563 [>.............................] - ETA: 58s - loss: 2.3009 - acc: 0.1452 
  76/1563 [>.............................] - ETA: 55s - loss: 2.2883 - acc: 0.1493
  81/1563 [>.............................] - ETA: 53s - loss: 2.2733 - acc: 0.1539
  86/1563 [>.............................] - ETA: 50s - loss: 2.2555 - acc: 0.1628
  91/1563 [>.............................] - ETA: 48s - loss: 2.2494 - acc: 0.1659
  96/1563 [>.............................] - ETA: 47s - loss: 2.2381 - acc: 0.1699
 101/1563 [>.............................] - ETA: 45s - loss: 2.2324 - acc: 0.1733
 106/1563 [=>............................] - ETA: 43s - loss: 2.2356 - acc: 0.1766
 111/1563 [=>............................] - ETA: 42s - loss: 2.2244 - acc: 0.1819
 116/1563 [=>............................] - ETA: 41s - loss: 2.2123 - acc: 0.1875
 121/1563 [=>............................] - ETA: 40s - loss: 2.2056 - acc: 0.1906
 126/1563 [=>............................] - ETA: 38s - loss: 2.2005 - acc: 0.1910
 131/1563 [=>............................] - ETA: 37s - loss: 2.1920 - acc: 0.1942
 136/1563 [=>............................] - ETA: 37s - loss: 2.1884 - acc: 0.1965
 141/1563 [=>............................] - ETA: 36s - loss: 2.1775 - acc: 0.2017
 146/1563 [=>............................] - ETA: 35s - loss: 2.1730 - acc: 0.2036
 151/1563 [=>............................] - ETA: 34s - loss: 2.1673 - acc: 0.2059
 156/1563 [=>............................] - ETA: 33s - loss: 2.1568 - acc: 0.2103
 161/1563 [==>...........................] - ETA: 33s - loss: 2.1534 - acc: 0.2118
 166/1563 [==>...........................] - ETA: 32s - loss: 2.1442 - acc: 0.2154
 171/1563 [==>...........................] - ETA: 31s - loss: 2.1381 - acc: 0.2177
 176/1563 [==>...........................] - ETA: 31s - loss: 2.1315 - acc: 0.2207
 181/1563 [==>...........................] - ETA: 30s - loss: 2.1296 - acc: 0.2238
 186/1563 [==>...........................] - ETA: 30s - loss: 2.1232 - acc: 0.2260
 191/1563 [==>...........................] - ETA: 29s - loss: 2.1161 - acc: 0.2287
 196/1563 [==>...........................] - ETA: 29s - loss: 2.1110 - acc: 0.2298
 201/1563 [==>...........................] - ETA: 28s - loss: 2.1050 - acc: 0.2331
 206/1563 [==>...........................] - ETA: 28s - loss: 2.0991 - acc: 0.2357
 211/1563 [===>..........................] - ETA: 28s - loss: 2.0925 - acc: 0.2384
 216/1563 [===>..........................] - ETA: 27s - loss: 2.0921 - acc: 0.2391
 221/1563 [===>..........................] - ETA: 27s - loss: 2.0851 - acc: 0.2426
 226/1563 [===>..........................] - ETA: 26s - loss: 2.0800 - acc: 0.2436
 231/1563 [===>..........................] - ETA: 26s - loss: 2.0751 - acc: 0.2455
 236/1563 [===>..........................] - ETA: 26s - loss: 2.0712 - acc: 0.2474
 241/1563 [===>..........................] - ETA: 25s - loss: 2.0655 - acc: 0.2494
 246/1563 [===>..........................] - ETA: 25s - loss: 2.0619 - acc: 0.2515
 251/1563 [===>..........................] - ETA: 25s - loss: 2.0568 - acc: 0.2530
 256/1563 [===>..........................] - ETA: 24s - loss: 2.0516 - acc: 0.2550
 261/1563 [====>.........................] - ETA: 24s - loss: 2.0455 - acc: 0.2573
 266/1563 [====>.........................] - ETA: 24s - loss: 2.0374 - acc: 0.2610
 271/1563 [====>.........................] - ETA: 24s - loss: 2.0330 - acc: 0.2620
 276/1563 [====>.........................] - ETA: 23s - loss: 2.0297 - acc: 0.2628
 281/1563 [====>.........................] - ETA: 23s - loss: 2.0273 - acc: 0.2645
 286/1563 [====>.........................] - ETA: 23s - loss: 2.0230 - acc: 0.2666
 291/1563 [====>.........................] - ETA: 23s - loss: 2.0209 - acc: 0.2669
 296/1563 [====>.........................] - ETA: 22s - loss: 2.0166 - acc: 0.2692
 301/1563 [====>.........................] - ETA: 22s - loss: 2.0114 - acc: 0.2702
 306/1563 [====>.........................] - ETA: 22s - loss: 2.0048 - acc: 0.2727
 311/1563 [====>.........................] - ETA: 22s - loss: 2.0017 - acc: 0.2739
 316/1563 [=====>........................] - ETA: 21s - loss: 1.9955 - acc: 0.2762
 321/1563 [=====>........................] - ETA: 21s - loss: 1.9932 - acc: 0.2767
 326/1563 [=====>........................] - ETA: 21s - loss: 1.9887 - acc: 0.2789
 331/1563 [=====>........................] - ETA: 21s - loss: 1.9864 - acc: 0.2799
 336/1563 [=====>........................] - ETA: 21s - loss: 1.9826 - acc: 0.2811
 341/1563 [=====>........................] - ETA: 20s - loss: 1.9792 - acc: 0.2826
 346/1563 [=====>........................] - ETA: 20s - loss: 1.9756 - acc: 0.2847
 351/1563 [=====>........................] - ETA: 20s - loss: 1.9722 - acc: 0.2863
 356/1563 [=====>........................] - ETA: 20s - loss: 1.9672 - acc: 0.2884
 361/1563 [=====>........................] - ETA: 20s - loss: 1.9647 - acc: 0.2891
 366/1563 [======>.......................] - ETA: 20s - loss: 1.9611 - acc: 0.2903
 371/1563 [======>.......................] - ETA: 19s - loss: 1.9568 - acc: 0.2920
 376/1563 [======>.......................] - ETA: 19s - loss: 1.9517 - acc: 0.2940
 381/1563 [======>.......................] - ETA: 19s - loss: 1.9478 - acc: 0.2955
 386/1563 [======>.......................] - ETA: 19s - loss: 1.9443 - acc: 0.2968
 391/1563 [======>.......................] - ETA: 19s - loss: 1.9431 - acc: 0.2977
 396/1563 [======>.......................] - ETA: 19s - loss: 1.9400 - acc: 0.2991
 401/1563 [======>.......................] - ETA: 18s - loss: 1.9353 - acc: 0.3004
 406/1563 [======>.......................] - ETA: 18s - loss: 1.9321 - acc: 0.3010
 411/1563 [======>.......................] - ETA: 18s - loss: 1.9292 - acc: 0.3018
 416/1563 [======>.......................] - ETA: 18s - loss: 1.9259 - acc: 0.3032
 421/1563 [=======>......................] - ETA: 18s - loss: 1.9227 - acc: 0.3045
 426/1563 [=======>......................] - ETA: 18s - loss: 1.9194 - acc: 0.3058
 431/1563 [=======>......................] - ETA: 18s - loss: 1.9171 - acc: 0.3066
 436/1563 [=======>......................] - ETA: 17s - loss: 1.9135 - acc: 0.3083
 441/1563 [=======>......................] - ETA: 17s - loss: 1.9126 - acc: 0.3092
 446/1563 [=======>......................] - ETA: 17s - loss: 1.9084 - acc: 0.3100
 451/1563 [=======>......................] - ETA: 17s - loss: 1.9062 - acc: 0.3114
 456/1563 [=======>......................] - ETA: 17s - loss: 1.9050 - acc: 0.3120
 461/1563 [=======>......................] - ETA: 17s - loss: 1.9031 - acc: 0.3118
 466/1563 [=======>......................] - ETA: 17s - loss: 1.8997 - acc: 0.3130
 471/1563 [========>.....................] - ETA: 17s - loss: 1.8970 - acc: 0.3134
 476/1563 [========>.....................] - ETA: 16s - loss: 1.8930 - acc: 0.3152
 481/1563 [========>.....................] - ETA: 16s - loss: 1.8900 - acc: 0.3161
 486/1563 [========>.....................] - ETA: 16s - loss: 1.8850 - acc: 0.3182
 491/1563 [========>.....................] - ETA: 16s - loss: 1.8849 - acc: 0.3182
 496/1563 [========>.....................] - ETA: 16s - loss: 1.8833 - acc: 0.3186
 501/1563 [========>.....................] - ETA: 16s - loss: 1.8806 - acc: 0.3193
 506/1563 [========>.....................] - ETA: 16s - loss: 1.8779 - acc: 0.3203
 511/1563 [========>.....................] - ETA: 16s - loss: 1.8757 - acc: 0.3214
 515/1563 [========>.....................] - ETA: 16s - loss: 1.8740 - acc: 0.3217
 520/1563 [========>.....................] - ETA: 15s - loss: 1.8726 - acc: 0.3221
 525/1563 [=========>....................] - ETA: 15s - loss: 1.8696 - acc: 0.3232
 530/1563 [=========>....................] - ETA: 15s - loss: 1.8667 - acc: 0.3246
 535/1563 [=========>....................] - ETA: 15s - loss: 1.8649 - acc: 0.3253
 540/1563 [=========>....................] - ETA: 15s - loss: 1.8621 - acc: 0.3262
 545/1563 [=========>....................] - ETA: 15s - loss: 1.8593 - acc: 0.3276
 550/1563 [=========>....................] - ETA: 15s - loss: 1.8560 - acc: 0.3288
 555/1563 [=========>....................] - ETA: 15s - loss: 1.8549 - acc: 0.3296
 560/1563 [=========>....................] - ETA: 15s - loss: 1.8527 - acc: 0.3304
 564/1563 [=========>....................] - ETA: 14s - loss: 1.8504 - acc: 0.3313
 569/1563 [=========>....................] - ETA: 14s - loss: 1.8483 - acc: 0.3321
 574/1563 [==========>...................] - ETA: 14s - loss: 1.8463 - acc: 0.3329
 579/1563 [==========>...................] - ETA: 14s - loss: 1.8440 - acc: 0.3339
 584/1563 [==========>...................] - ETA: 14s - loss: 1.8423 - acc: 0.3345
 589/1563 [==========>...................] - ETA: 14s - loss: 1.8412 - acc: 0.3347
 594/1563 [==========>...................] - ETA: 14s - loss: 1.8390 - acc: 0.3352
 599/1563 [==========>...................] - ETA: 14s - loss: 1.8358 - acc: 0.3362
 604/1563 [==========>...................] - ETA: 14s - loss: 1.8357 - acc: 0.3362
 609/1563 [==========>...................] - ETA: 14s - loss: 1.8329 - acc: 0.3373
 614/1563 [==========>...................] - ETA: 13s - loss: 1.8302 - acc: 0.3384
 619/1563 [==========>...................] - ETA: 13s - loss: 1.8290 - acc: 0.3392
 624/1563 [==========>...................] - ETA: 13s - loss: 1.8263 - acc: 0.3402
 629/1563 [===========>..................] - ETA: 13s - loss: 1.8244 - acc: 0.3408
 634/1563 [===========>..................] - ETA: 13s - loss: 1.8224 - acc: 0.3415
 639/1563 [===========>..................] - ETA: 13s - loss: 1.8199 - acc: 0.3425
 644/1563 [===========>..................] - ETA: 13s - loss: 1.8186 - acc: 0.3425
 649/1563 [===========>..................] - ETA: 13s - loss: 1.8158 - acc: 0.3440
 654/1563 [===========>..................] - ETA: 13s - loss: 1.8151 - acc: 0.3444
 659/1563 [===========>..................] - ETA: 13s - loss: 1.8125 - acc: 0.3456
 664/1563 [===========>..................] - ETA: 12s - loss: 1.8110 - acc: 0.3459
 669/1563 [===========>..................] - ETA: 12s - loss: 1.8081 - acc: 0.3474
 674/1563 [===========>..................] - ETA: 12s - loss: 1.8061 - acc: 0.3482
 679/1563 [============>.................] - ETA: 12s - loss: 1.8033 - acc: 0.3490
 684/1563 [============>.................] - ETA: 12s - loss: 1.8013 - acc: 0.3497
 689/1563 [============>.................] - ETA: 12s - loss: 1.7999 - acc: 0.3500
 694/1563 [============>.................] - ETA: 12s - loss: 1.7994 - acc: 0.3504
 699/1563 [============>.................] - ETA: 12s - loss: 1.7966 - acc: 0.3514
 704/1563 [============>.................] - ETA: 12s - loss: 1.7953 - acc: 0.3521
 709/1563 [============>.................] - ETA: 12s - loss: 1.7934 - acc: 0.3529
 714/1563 [============>.................] - ETA: 12s - loss: 1.7910 - acc: 0.3538
 719/1563 [============>.................] - ETA: 11s - loss: 1.7885 - acc: 0.3551
 724/1563 [============>.................] - ETA: 11s - loss: 1.7876 - acc: 0.3556
 729/1563 [============>.................] - ETA: 11s - loss: 1.7856 - acc: 0.3561
 734/1563 [=============>................] - ETA: 11s - loss: 1.7837 - acc: 0.3567
 739/1563 [=============>................] - ETA: 11s - loss: 1.7824 - acc: 0.3570
 744/1563 [=============>................] - ETA: 11s - loss: 1.7807 - acc: 0.3578
 749/1563 [=============>................] - ETA: 11s - loss: 1.7790 - acc: 0.3583
 754/1563 [=============>................] - ETA: 11s - loss: 1.7782 - acc: 0.3585
 759/1563 [=============>................] - ETA: 11s - loss: 1.7771 - acc: 0.3590
 764/1563 [=============>................] - ETA: 11s - loss: 1.7751 - acc: 0.3599
 769/1563 [=============>................] - ETA: 11s - loss: 1.7740 - acc: 0.3605
 774/1563 [=============>................] - ETA: 11s - loss: 1.7712 - acc: 0.3614
 779/1563 [=============>................] - ETA: 10s - loss: 1.7687 - acc: 0.3622
 784/1563 [==============>...............] - ETA: 10s - loss: 1.7673 - acc: 0.3626
 787/1563 [==============>...............] - ETA: 10s - loss: 1.7666 - acc: 0.3632
 792/1563 [==============>...............] - ETA: 10s - loss: 1.7647 - acc: 0.3641
 797/1563 [==============>...............] - ETA: 10s - loss: 1.7632 - acc: 0.3647
 802/1563 [==============>...............] - ETA: 10s - loss: 1.7620 - acc: 0.3651
 807/1563 [==============>...............] - ETA: 10s - loss: 1.7599 - acc: 0.3661
 812/1563 [==============>...............] - ETA: 10s - loss: 1.7583 - acc: 0.3665
 817/1563 [==============>...............] - ETA: 10s - loss: 1.7567 - acc: 0.3669
 822/1563 [==============>...............] - ETA: 10s - loss: 1.7551 - acc: 0.3674
 827/1563 [==============>...............] - ETA: 10s - loss: 1.7535 - acc: 0.3682
 832/1563 [==============>...............] - ETA: 10s - loss: 1.7528 - acc: 0.3686
 837/1563 [===============>..............] - ETA: 10s - loss: 1.7506 - acc: 0.3696
 842/1563 [===============>..............] - ETA: 9s - loss: 1.7494 - acc: 0.3702 
 847/1563 [===============>..............] - ETA: 9s - loss: 1.7472 - acc: 0.3711
 852/1563 [===============>..............] - ETA: 9s - loss: 1.7456 - acc: 0.3716
 857/1563 [===============>..............] - ETA: 9s - loss: 1.7446 - acc: 0.3718
 862/1563 [===============>..............] - ETA: 9s - loss: 1.7440 - acc: 0.3720
 867/1563 [===============>..............] - ETA: 9s - loss: 1.7421 - acc: 0.3726
 872/1563 [===============>..............] - ETA: 9s - loss: 1.7398 - acc: 0.3734
 877/1563 [===============>..............] - ETA: 9s - loss: 1.7380 - acc: 0.3739
 882/1563 [===============>..............] - ETA: 9s - loss: 1.7367 - acc: 0.3745
 887/1563 [================>.............] - ETA: 9s - loss: 1.7354 - acc: 0.3750
 892/1563 [================>.............] - ETA: 9s - loss: 1.7346 - acc: 0.3751
 897/1563 [================>.............] - ETA: 9s - loss: 1.7339 - acc: 0.3753
 902/1563 [================>.............] - ETA: 9s - loss: 1.7325 - acc: 0.3758
 907/1563 [================>.............] - ETA: 8s - loss: 1.7309 - acc: 0.3761
 912/1563 [================>.............] - ETA: 8s - loss: 1.7300 - acc: 0.3766
 917/1563 [================>.............] - ETA: 8s - loss: 1.7286 - acc: 0.3772
 922/1563 [================>.............] - ETA: 8s - loss: 1.7272 - acc: 0.3777
 927/1563 [================>.............] - ETA: 8s - loss: 1.7251 - acc: 0.3785
 932/1563 [================>.............] - ETA: 8s - loss: 1.7247 - acc: 0.3790
 937/1563 [================>.............] - ETA: 8s - loss: 1.7224 - acc: 0.3800
 942/1563 [=================>............] - ETA: 8s - loss: 1.7215 - acc: 0.3803
 947/1563 [=================>............] - ETA: 8s - loss: 1.7204 - acc: 0.3807
 952/1563 [=================>............] - ETA: 8s - loss: 1.7187 - acc: 0.3811
 957/1563 [=================>............] - ETA: 8s - loss: 1.7180 - acc: 0.3815
 962/1563 [=================>............] - ETA: 8s - loss: 1.7160 - acc: 0.3821
 967/1563 [=================>............] - ETA: 8s - loss: 1.7145 - acc: 0.3827
 972/1563 [=================>............] - ETA: 7s - loss: 1.7128 - acc: 0.3832
 977/1563 [=================>............] - ETA: 7s - loss: 1.7117 - acc: 0.3841
 982/1563 [=================>............] - ETA: 7s - loss: 1.7098 - acc: 0.3848
 987/1563 [=================>............] - ETA: 7s - loss: 1.7083 - acc: 0.3854
 992/1563 [==================>...........] - ETA: 7s - loss: 1.7072 - acc: 0.3857
 997/1563 [==================>...........] - ETA: 7s - loss: 1.7058 - acc: 0.3861
1002/1563 [==================>...........] - ETA: 7s - loss: 1.7049 - acc: 0.3865
1007/1563 [==================>...........] - ETA: 7s - loss: 1.7038 - acc: 0.3871
1012/1563 [==================>...........] - ETA: 7s - loss: 1.7033 - acc: 0.3872
1017/1563 [==================>...........] - ETA: 7s - loss: 1.7019 - acc: 0.3875
1022/1563 [==================>...........] - ETA: 7s - loss: 1.7008 - acc: 0.3881
1027/1563 [==================>...........] - ETA: 7s - loss: 1.6999 - acc: 0.3886
1032/1563 [==================>...........] - ETA: 7s - loss: 1.6982 - acc: 0.3892
1037/1563 [==================>...........] - ETA: 7s - loss: 1.6971 - acc: 0.3898
1042/1563 [===================>..........] - ETA: 6s - loss: 1.6962 - acc: 0.3898
1047/1563 [===================>..........] - ETA: 6s - loss: 1.6948 - acc: 0.3902
1052/1563 [===================>..........] - ETA: 6s - loss: 1.6931 - acc: 0.3907
1057/1563 [===================>..........] - ETA: 6s - loss: 1.6926 - acc: 0.3907
1062/1563 [===================>..........] - ETA: 6s - loss: 1.6911 - acc: 0.3912
1067/1563 [===================>..........] - ETA: 6s - loss: 1.6903 - acc: 0.3914
1072/1563 [===================>..........] - ETA: 6s - loss: 1.6889 - acc: 0.3917
1077/1563 [===================>..........] - ETA: 6s - loss: 1.6879 - acc: 0.3922
1082/1563 [===================>..........] - ETA: 6s - loss: 1.6866 - acc: 0.3927
1087/1563 [===================>..........] - ETA: 6s - loss: 1.6865 - acc: 0.3928
1092/1563 [===================>..........] - ETA: 6s - loss: 1.6852 - acc: 0.3931
1097/1563 [====================>.........] - ETA: 6s - loss: 1.6844 - acc: 0.3935
1102/1563 [====================>.........] - ETA: 6s - loss: 1.6826 - acc: 0.3942
1107/1563 [====================>.........] - ETA: 6s - loss: 1.6818 - acc: 0.3944
1112/1563 [====================>.........] - ETA: 5s - loss: 1.6810 - acc: 0.3947
1117/1563 [====================>.........] - ETA: 5s - loss: 1.6789 - acc: 0.3953
1122/1563 [====================>.........] - ETA: 5s - loss: 1.6783 - acc: 0.3957
1127/1563 [====================>.........] - ETA: 5s - loss: 1.6777 - acc: 0.3961
1132/1563 [====================>.........] - ETA: 5s - loss: 1.6765 - acc: 0.3966
1137/1563 [====================>.........] - ETA: 5s - loss: 1.6755 - acc: 0.3969
1142/1563 [====================>.........] - ETA: 5s - loss: 1.6743 - acc: 0.3977
1147/1563 [=====================>........] - ETA: 5s - loss: 1.6733 - acc: 0.3979
1152/1563 [=====================>........] - ETA: 5s - loss: 1.6722 - acc: 0.3986
1157/1563 [=====================>........] - ETA: 5s - loss: 1.6720 - acc: 0.3988
1162/1563 [=====================>........] - ETA: 5s - loss: 1.6707 - acc: 0.3994
1167/1563 [=====================>........] - ETA: 5s - loss: 1.6692 - acc: 0.4002
1172/1563 [=====================>........] - ETA: 5s - loss: 1.6677 - acc: 0.4008
1177/1563 [=====================>........] - ETA: 5s - loss: 1.6661 - acc: 0.4011
1182/1563 [=====================>........] - ETA: 4s - loss: 1.6653 - acc: 0.4015
1187/1563 [=====================>........] - ETA: 4s - loss: 1.6649 - acc: 0.4017
1192/1563 [=====================>........] - ETA: 4s - loss: 1.6637 - acc: 0.4023
1197/1563 [=====================>........] - ETA: 4s - loss: 1.6627 - acc: 0.4025
1202/1563 [======================>.......] - ETA: 4s - loss: 1.6613 - acc: 0.4029
1207/1563 [======================>.......] - ETA: 4s - loss: 1.6609 - acc: 0.4033
1212/1563 [======================>.......] - ETA: 4s - loss: 1.6597 - acc: 0.4036
1217/1563 [======================>.......] - ETA: 4s - loss: 1.6587 - acc: 0.4040
1222/1563 [======================>.......] - ETA: 4s - loss: 1.6571 - acc: 0.4046
1227/1563 [======================>.......] - ETA: 4s - loss: 1.6564 - acc: 0.4049
1232/1563 [======================>.......] - ETA: 4s - loss: 1.6555 - acc: 0.4050
1237/1563 [======================>.......] - ETA: 4s - loss: 1.6547 - acc: 0.4055
1242/1563 [======================>.......] - ETA: 4s - loss: 1.6537 - acc: 0.4058
1247/1563 [======================>.......] - ETA: 4s - loss: 1.6524 - acc: 0.4064
1252/1563 [=======================>......] - ETA: 4s - loss: 1.6512 - acc: 0.4069
1257/1563 [=======================>......] - ETA: 3s - loss: 1.6508 - acc: 0.4071
1262/1563 [=======================>......] - ETA: 3s - loss: 1.6491 - acc: 0.4077
1267/1563 [=======================>......] - ETA: 3s - loss: 1.6480 - acc: 0.4079
1272/1563 [=======================>......] - ETA: 3s - loss: 1.6471 - acc: 0.4081
1277/1563 [=======================>......] - ETA: 3s - loss: 1.6458 - acc: 0.4086
1282/1563 [=======================>......] - ETA: 3s - loss: 1.6446 - acc: 0.4090
1287/1563 [=======================>......] - ETA: 3s - loss: 1.6437 - acc: 0.4093
1292/1563 [=======================>......] - ETA: 3s - loss: 1.6428 - acc: 0.4096
1297/1563 [=======================>......] - ETA: 3s - loss: 1.6419 - acc: 0.4101
1302/1563 [=======================>......] - ETA: 3s - loss: 1.6404 - acc: 0.4108
1307/1563 [========================>.....] - ETA: 3s - loss: 1.6395 - acc: 0.4111
1312/1563 [========================>.....] - ETA: 3s - loss: 1.6389 - acc: 0.4115
1317/1563 [========================>.....] - ETA: 3s - loss: 1.6375 - acc: 0.4120
1322/1563 [========================>.....] - ETA: 3s - loss: 1.6370 - acc: 0.4122
1327/1563 [========================>.....] - ETA: 3s - loss: 1.6355 - acc: 0.4128
1332/1563 [========================>.....] - ETA: 2s - loss: 1.6343 - acc: 0.4133
1337/1563 [========================>.....] - ETA: 2s - loss: 1.6334 - acc: 0.4136
1342/1563 [========================>.....] - ETA: 2s - loss: 1.6324 - acc: 0.4138
1347/1563 [========================>.....] - ETA: 2s - loss: 1.6316 - acc: 0.4142
1352/1563 [========================>.....] - ETA: 2s - loss: 1.6308 - acc: 0.4147
1357/1563 [=========================>....] - ETA: 2s - loss: 1.6293 - acc: 0.4153
1362/1563 [=========================>....] - ETA: 2s - loss: 1.6282 - acc: 0.4157
1367/1563 [=========================>....] - ETA: 2s - loss: 1.6266 - acc: 0.4161
1372/1563 [=========================>....] - ETA: 2s - loss: 1.6264 - acc: 0.4161
1377/1563 [=========================>....] - ETA: 2s - loss: 1.6253 - acc: 0.4166
1382/1563 [=========================>....] - ETA: 2s - loss: 1.6247 - acc: 0.4169
1387/1563 [=========================>....] - ETA: 2s - loss: 1.6236 - acc: 0.4171
1392/1563 [=========================>....] - ETA: 2s - loss: 1.6224 - acc: 0.4176
1397/1563 [=========================>....] - ETA: 2s - loss: 1.6217 - acc: 0.4178
1402/1563 [=========================>....] - ETA: 2s - loss: 1.6210 - acc: 0.4181
1407/1563 [==========================>...] - ETA: 1s - loss: 1.6199 - acc: 0.4184
1412/1563 [==========================>...] - ETA: 1s - loss: 1.6190 - acc: 0.4188
1417/1563 [==========================>...] - ETA: 1s - loss: 1.6186 - acc: 0.4190
1422/1563 [==========================>...] - ETA: 1s - loss: 1.6175 - acc: 0.4194
1427/1563 [==========================>...] - ETA: 1s - loss: 1.6169 - acc: 0.4198
1432/1563 [==========================>...] - ETA: 1s - loss: 1.6154 - acc: 0.4204
1437/1563 [==========================>...] - ETA: 1s - loss: 1.6146 - acc: 0.4207
1442/1563 [==========================>...] - ETA: 1s - loss: 1.6137 - acc: 0.4211
1447/1563 [==========================>...] - ETA: 1s - loss: 1.6133 - acc: 0.4212
1452/1563 [==========================>...] - ETA: 1s - loss: 1.6122 - acc: 0.4216
1457/1563 [==========================>...] - ETA: 1s - loss: 1.6113 - acc: 0.4217
1462/1563 [===========================>..] - ETA: 1s - loss: 1.6100 - acc: 0.4221
1467/1563 [===========================>..] - ETA: 1s - loss: 1.6090 - acc: 0.4224
1472/1563 [===========================>..] - ETA: 1s - loss: 1.6083 - acc: 0.4228
1477/1563 [===========================>..] - ETA: 1s - loss: 1.6074 - acc: 0.4231
1482/1563 [===========================>..] - ETA: 1s - loss: 1.6067 - acc: 0.4235
1487/1563 [===========================>..] - ETA: 0s - loss: 1.6054 - acc: 0.4239
1492/1563 [===========================>..] - ETA: 0s - loss: 1.6043 - acc: 0.4243
1497/1563 [===========================>..] - ETA: 0s - loss: 1.6034 - acc: 0.4246
1502/1563 [===========================>..] - ETA: 0s - loss: 1.6030 - acc: 0.4248
1507/1563 [===========================>..] - ETA: 0s - loss: 1.6025 - acc: 0.4250
1512/1563 [============================>.] - ETA: 0s - loss: 1.6012 - acc: 0.4255
1517/1563 [============================>.] - ETA: 0s - loss: 1.5998 - acc: 0.4260
1522/1563 [============================>.] - ETA: 0s - loss: 1.5993 - acc: 0.4261
1527/1563 [============================>.] - ETA: 0s - loss: 1.5981 - acc: 0.4266
1532/1563 [============================>.] - ETA: 0s - loss: 1.5972 - acc: 0.4269
1537/1563 [============================>.] - ETA: 0s - loss: 1.5959 - acc: 0.4275
1542/1563 [============================>.] - ETA: 0s - loss: 1.5949 - acc: 0.4279
1547/1563 [============================>.] - ETA: 0s - loss: 1.5944 - acc: 0.4281
1552/1563 [============================>.] - ETA: 0s - loss: 1.5940 - acc: 0.4282
1557/1563 [============================>.] - ETA: 0s - loss: 1.5930 - acc: 0.4288
1562/1563 [============================>.] - ETA: 0s - loss: 1.5921 - acc: 0.4290
1563/1563 [==============================] - 21s 13ms/step - loss: 1.5919 - acc: 0.4291 - val_loss: 1.2463 - val_acc: 0.5625
